Using pre-set license
Built from '2020.3/staging' branch; Version is '2020.3.42f1 (7ade1201f527) revision 8052242'; Using compiler version '192528614'; Build Type 'Release'
OS: 'Windows 10  (10.0.18363) 64bit Professional' Language: 'en' Physical Memory: 16332 MB
BatchMode: 1, IsHumanControllingUs: 0, StartBugReporterOnCrash: 0, Is64bit: 1, IsPro: 0

COMMAND LINE ARGUMENTS:
C:\Users\casmo\Downloads\2020.3.42f1\Editor\Unity.exe
-adb2
-batchMode
-noUpm
-name
AssetImportWorker0
-projectPath
C:/Users/casmo/Documents/GitHub/2DPlatformer/MyFirstGame
-logFile
Logs/AssetImportWorker0.log
-srvPort
2365
Successfully changed project path to: C:/Users/casmo/Documents/GitHub/2DPlatformer/MyFirstGame
C:/Users/casmo/Documents/GitHub/2DPlatformer/MyFirstGame
Using Asset Import Pipeline V2.
Refreshing native plugins compatible for Editor in 45.93 ms, found 3 plugins.
Preloading 0 native plugins for Editor in 0.00 ms.
Initialize engine version: 2020.3.42f1 (7ade1201f527)
[Subsystems] Discovering subsystems at path C:/Users/casmo/Downloads/2020.3.42f1/Editor/Data/Resources/UnitySubsystems
[Subsystems] Discovering subsystems at path C:/Users/casmo/Documents/GitHub/2DPlatformer/MyFirstGame/Assets
GfxDevice: creating device client; threaded=0
Direct3D:
    Version:  Direct3D 11.0 [level 11.1]
    Renderer: AMD Radeon R7 200 Series (ID=0x6610)
    Vendor:   
    VRAM:     1004 MB
    Driver:   27.20.20913.2000
Initialize mono
Mono path[0] = 'C:/Users/casmo/Downloads/2020.3.42f1/Editor/Data/Managed'
Mono path[1] = 'C:/Users/casmo/Downloads/2020.3.42f1/Editor/Data/MonoBleedingEdge/lib/mono/unityjit'
Mono config path = 'C:/Users/casmo/Downloads/2020.3.42f1/Editor/Data/MonoBleedingEdge/etc'
Using monoOptions --debugger-agent=transport=dt_socket,embedding=1,server=y,suspend=n,address=127.0.0.1:56164
Begin MonoManager ReloadAssembly
Registering precompiled unity dll's ...
Register platform support module: C:/Users/casmo/Downloads/2020.3.42f1/Editor/Data/PlaybackEngines/WindowsStandaloneSupport/UnityEditor.WindowsStandalone.Extensions.dll
Registered in 0.001085 seconds.
Native extension for WindowsStandalone target not found
Refreshing native plugins compatible for Editor in 47.60 ms, found 3 plugins.
Preloading 0 native plugins for Editor in 0.00 ms.
Mono: successfully reloaded assembly
- Completed reload, in  0.492 seconds
Domain Reload Profiling:
	ReloadAssembly (492ms)
		BeginReloadAssembly (49ms)
			ExecutionOrderSort (0ms)
			DisableScriptedObjects (0ms)
			BackupInstance (0ms)
			ReleaseScriptingObjects (0ms)
			CreateAndSetChildDomain (1ms)
		EndReloadAssembly (383ms)
			LoadAssemblies (47ms)
			RebuildTransferFunctionScriptingTraits (0ms)
			SetupTypeCache (122ms)
			ReleaseScriptCaches (0ms)
			RebuildScriptCaches (26ms)
			SetupLoadedEditorAssemblies (152ms)
				LogAssemblyErrors (0ms)
				InitializePlatformSupportModulesInManaged (3ms)
				SetLoadedEditorAssemblies (0ms)
				RefreshPlugins (48ms)
				BeforeProcessingInitializeOnLoad (13ms)
				ProcessInitializeOnLoadAttributes (65ms)
				ProcessInitializeOnLoadMethodAttributes (22ms)
				AfterProcessingInitializeOnLoad (0ms)
				EditorAssembliesLoaded (0ms)
			ExecutionOrderSort2 (0ms)
			AwakeInstancesAfterBackupRestoration (0ms)
Platform modules already initialized, skipping
Registering precompiled user dll's ...
Registered in 0.002132 seconds.
Begin MonoManager ReloadAssembly
Native extension for WindowsStandalone target not found
Refreshing native plugins compatible for Editor in 45.41 ms, found 3 plugins.
Preloading 0 native plugins for Editor in 0.00 ms.
Mono: successfully reloaded assembly
- Completed reload, in  0.914 seconds
Domain Reload Profiling:
	ReloadAssembly (915ms)
		BeginReloadAssembly (123ms)
			ExecutionOrderSort (0ms)
			DisableScriptedObjects (4ms)
			BackupInstance (0ms)
			ReleaseScriptingObjects (0ms)
			CreateAndSetChildDomain (19ms)
		EndReloadAssembly (741ms)
			LoadAssemblies (77ms)
			RebuildTransferFunctionScriptingTraits (0ms)
			SetupTypeCache (242ms)
			ReleaseScriptCaches (1ms)
			RebuildScriptCaches (42ms)
			SetupLoadedEditorAssemblies (288ms)
				LogAssemblyErrors (0ms)
				InitializePlatformSupportModulesInManaged (3ms)
				SetLoadedEditorAssemblies (0ms)
				RefreshPlugins (45ms)
				BeforeProcessingInitializeOnLoad (66ms)
				ProcessInitializeOnLoadAttributes (154ms)
				ProcessInitializeOnLoadMethodAttributes (16ms)
				AfterProcessingInitializeOnLoad (4ms)
				EditorAssembliesLoaded (0ms)
			ExecutionOrderSort2 (0ms)
			AwakeInstancesAfterBackupRestoration (2ms)
Platform modules already initialized, skipping
========================================================================
Worker process is ready to serve import requests
Launched and connected shader compiler UnityShaderCompiler.exe after 0.04 seconds
Refreshing native plugins compatible for Editor in 0.62 ms, found 3 plugins.
Preloading 0 native plugins for Editor in 0.00 ms.
Unloading 2186 Unused Serialized files (Serialized files now loaded: 0)
System memory in use before: 96.7 MB.
System memory in use after: 96.6 MB.

Unloading 31 unused Assets to reduce memory usage. Loaded Objects now: 2622.
Total: 3.369300 ms (FindLiveObjects: 0.184300 ms CreateObjectMapping: 0.056300 ms MarkObjects: 2.944900 ms  DeleteObjects: 0.183000 ms)

AssetImportParameters requested are different than current active one (requested -> active):
  custom:framework-win-MediaFoundation: 216162199b28c13a410421893ffa2e32 -> 
  custom:video-decoder-ogg-theora: a1e56fd34408186e4bbccfd4996cb3dc -> 
  custom:container-muxer-webm: aa71ff27fc2769a1b78a27578f13a17b -> 
  custom:container-demuxer-webm: 4f35f7cbe854078d1ac9338744f61a02 -> 
  custom:container-demuxer-ogg: 62fdf1f143b41e24485cea50d1cbac27 -> 
  custom:video-encoder-webm-vp8: eb34c28f22e8b96e1ab97ce403110664 -> 
  custom:video-decoder-webm-vp8: 9c59270c3fd7afecdb556c50c9e8de78 -> 
  custom:audio-decoder-ogg-vorbis: bf7c407c2cedff20999df2af8eb42d56 -> 
  custom:audio-encoder-webm-vorbis: bf7c407c2cedff20999df2af8eb42d56 -> 
========================================================================
Received Import Request.
  path: Assets/Spine2D Knight Character Animation Pack/Exports/Frame by frame/jump
  artifactKey: Guid(f3ebb0cae92f3874da139cf6557ae198) Importer(815301076,1909f56bfc062723c751e8b465ee728b)
Start importing Assets/Spine2D Knight Character Animation Pack/Exports/Frame by frame/jump using Guid(f3ebb0cae92f3874da139cf6557ae198) Importer(815301076,1909f56bfc062723c751e8b465ee728b)  -> (artifact id: 'b29585bad30a640f4663d1deeacb1e14') in 0.013239 seconds 
========================================================================
Received Import Request.
  Time since last request: 7.983835 seconds.
  path: Assets/Spine2D Knight Character Animation Pack/Exports/Frame by frame/idle_2
  artifactKey: Guid(cbeaced4068637a4cab959388e80a3af) Importer(815301076,1909f56bfc062723c751e8b465ee728b)
Start importing Assets/Spine2D Knight Character Animation Pack/Exports/Frame by frame/idle_2 using Guid(cbeaced4068637a4cab959388e80a3af) Importer(815301076,1909f56bfc062723c751e8b465ee728b)  -> (artifact id: '06d76b6e543b4b708440682bf03bf71c') in 0.009287 seconds 
========================================================================
Received Import Request.
  Time since last request: 0.057577 seconds.
  path: Assets/Spine2D Knight Character Animation Pack/Exports/Frame by frame/idle_2/clown_export-idle_3_0.png
  artifactKey: Guid(f26b8cc41f8b7d149b5fa1392c7be7fc) Importer(815301076,1909f56bfc062723c751e8b465ee728b)
Start importing Assets/Spine2D Knight Character Animation Pack/Exports/Frame by frame/idle_2/clown_export-idle_3_0.png using Guid(f26b8cc41f8b7d149b5fa1392c7be7fc) Importer(815301076,1909f56bfc062723c751e8b465ee728b)  -> (artifact id: '53b4ca6d5413401bf4782616cd2aedb0') in 0.179763 seconds 
========================================================================
Received Import Request.
  Time since last request: 0.000171 seconds.
  path: Assets/Spine2D Knight Character Animation Pack/Exports/Frame by frame/idle_2/clown_export-idle_3_1.png
  artifactKey: Guid(4408a6dfadedba347b19571050df5d4f) Importer(815301076,1909f56bfc062723c751e8b465ee728b)
Start importing Assets/Spine2D Knight Character Animation Pack/Exports/Frame by frame/idle_2/clown_export-idle_3_1.png using Guid(4408a6dfadedba347b19571050df5d4f) Importer(815301076,1909f56bfc062723c751e8b465ee728b)  -> (artifact id: 'ccdd1814b66c6c80a16995506ec2aad1') in 0.026311 seconds 
========================================================================
Received Import Request.
  Time since last request: 0.000178 seconds.
  path: Assets/Spine2D Knight Character Animation Pack/Exports/Frame by frame/idle_2/clown_export-idle_3_14.png
  artifactKey: Guid(ad57e2ad87734aa4fa79a3be7c806f54) Importer(815301076,1909f56bfc062723c751e8b465ee728b)
Start importing Assets/Spine2D Knight Character Animation Pack/Exports/Frame by frame/idle_2/clown_export-idle_3_14.png using Guid(ad57e2ad87734aa4fa79a3be7c806f54) Importer(815301076,1909f56bfc062723c751e8b465ee728b)  -> (artifact id: 'eede1beb9cc123915c91a2182febf21c') in 0.019569 seconds 
========================================================================
Received Import Request.
  Time since last request: 0.000165 seconds.
  path: Assets/Spine2D Knight Character Animation Pack/Exports/Frame by frame/idle_2/clown_export-idle_3_9.png
  artifactKey: Guid(29a50719fe64fdb4c91fd2d0a1ee3d89) Importer(815301076,1909f56bfc062723c751e8b465ee728b)
Start importing Assets/Spine2D Knight Character Animation Pack/Exports/Frame by frame/idle_2/clown_export-idle_3_9.png using Guid(29a50719fe64fdb4c91fd2d0a1ee3d89) Importer(815301076,1909f56bfc062723c751e8b465ee728b)  -> (artifact id: 'c795c1d6cc5ef6ef5a9af66d060015aa') in 0.017596 seconds 
========================================================================
Received Import Request.
  Time since last request: 0.000172 seconds.
  path: Assets/Spine2D Knight Character Animation Pack/Exports/Frame by frame/idle_2/clown_export-idle_3_4.png
  artifactKey: Guid(a698759dcd0f14d45a6efce15a37c84e) Importer(815301076,1909f56bfc062723c751e8b465ee728b)
Start importing Assets/Spine2D Knight Character Animation Pack/Exports/Frame by frame/idle_2/clown_export-idle_3_4.png using Guid(a698759dcd0f14d45a6efce15a37c84e) Importer(815301076,1909f56bfc062723c751e8b465ee728b)  -> (artifact id: '530a1fb9a08a47909498210ca6574381') in 0.018228 seconds 
========================================================================
Received Import Request.
  Time since last request: 0.000169 seconds.
  path: Assets/Spine2D Knight Character Animation Pack/Exports/Frame by frame/idle_2/clown_export-idle_3_8.png
  artifactKey: Guid(cf48dc9021b75404f966e0636e02a4df) Importer(815301076,1909f56bfc062723c751e8b465ee728b)
Start importing Assets/Spine2D Knight Character Animation Pack/Exports/Frame by frame/idle_2/clown_export-idle_3_8.png using Guid(cf48dc9021b75404f966e0636e02a4df) Importer(815301076,1909f56bfc062723c751e8b465ee728b)  -> (artifact id: '26707ba0b52461bc36a9092b9b4b82e5') in 0.017595 seconds 
========================================================================
Received Import Request.
  Time since last request: 0.000150 seconds.
  path: Assets/Spine2D Knight Character Animation Pack/Exports/Frame by frame/idle_2/clown_export-idle_3_11.png
  artifactKey: Guid(66ad5088b40e8e94b82b8459cebf172f) Importer(815301076,1909f56bfc062723c751e8b465ee728b)
Start importing Assets/Spine2D Knight Character Animation Pack/Exports/Frame by frame/idle_2/clown_export-idle_3_11.png using Guid(66ad5088b40e8e94b82b8459cebf172f) Importer(815301076,1909f56bfc062723c751e8b465ee728b)  -> (artifact id: '99ed598db87b7cd057827817d0761387') in 0.017284 seconds 
========================================================================
Received Import Request.
  Time since last request: 0.000175 seconds.
  path: Assets/Spine2D Knight Character Animation Pack/Exports/Frame by frame/idle_2/clown_export-idle_3_12.png
  artifactKey: Guid(4f00eede581ef5e49b7f51b4f5a01f2a) Importer(815301076,1909f56bfc062723c751e8b465ee728b)
Start importing Assets/Spine2D Knight Character Animation Pack/Exports/Frame by frame/idle_2/clown_export-idle_3_12.png using Guid(4f00eede581ef5e49b7f51b4f5a01f2a) Importer(815301076,1909f56bfc062723c751e8b465ee728b)  -> (artifact id: '43927a8f80855c36e7a87b0beca2717b') in 0.017476 seconds 
========================================================================
Received Import Request.
  Time since last request: 0.000152 seconds.
  path: Assets/Spine2D Knight Character Animation Pack/Exports/Frame by frame/idle_2/clown_export-idle_3_10.png
  artifactKey: Guid(198510bcb1f9dad44b563f33d5354d21) Importer(815301076,1909f56bfc062723c751e8b465ee728b)
Start importing Assets/Spine2D Knight Character Animation Pack/Exports/Frame by frame/idle_2/clown_export-idle_3_10.png using Guid(198510bcb1f9dad44b563f33d5354d21) Importer(815301076,1909f56bfc062723c751e8b465ee728b)  -> (artifact id: '453fcbe5282b3f8a2eac1daefa9bc21d') in 0.016849 seconds 
========================================================================
Received Import Request.
  Time since last request: 0.000154 seconds.
  path: Assets/Spine2D Knight Character Animation Pack/Exports/Frame by frame/idle_2/clown_export-idle_3_13.png
  artifactKey: Guid(afec97a93a585dd40bd8b8fc4dd835de) Importer(815301076,1909f56bfc062723c751e8b465ee728b)
Start importing Assets/Spine2D Knight Character Animation Pack/Exports/Frame by frame/idle_2/clown_export-idle_3_13.png using Guid(afec97a93a585dd40bd8b8fc4dd835de) Importer(815301076,1909f56bfc062723c751e8b465ee728b)  -> (artifact id: 'f43a1a3342760804bc3429271cea545c') in 0.017655 seconds 
========================================================================
Received Import Request.
  Time since last request: 0.000153 seconds.
  path: Assets/Spine2D Knight Character Animation Pack/Exports/Frame by frame/idle_2/clown_export-idle_3_6.png
  artifactKey: Guid(a416091d3f285834299ae916756dc110) Importer(815301076,1909f56bfc062723c751e8b465ee728b)
Start importing Assets/Spine2D Knight Character Animation Pack/Exports/Frame by frame/idle_2/clown_export-idle_3_6.png using Guid(a416091d3f285834299ae916756dc110) Importer(815301076,1909f56bfc062723c751e8b465ee728b)  -> (artifact id: '93bea10cbb053e4ae2a485901b422b65') in 0.017275 seconds 
========================================================================
Received Import Request.
  Time since last request: 0.000153 seconds.
  path: Assets/Spine2D Knight Character Animation Pack/Exports/Frame by frame/idle_2/clown_export-idle_3_2.png
  artifactKey: Guid(84fb923cc2f84f44fbeccaf604636279) Importer(815301076,1909f56bfc062723c751e8b465ee728b)
Start importing Assets/Spine2D Knight Character Animation Pack/Exports/Frame by frame/idle_2/clown_export-idle_3_2.png using Guid(84fb923cc2f84f44fbeccaf604636279) Importer(815301076,1909f56bfc062723c751e8b465ee728b)  -> (artifact id: 'ae05bf889c47609fc5866a4493489294') in 0.017057 seconds 
========================================================================
Received Import Request.
  Time since last request: 0.000157 seconds.
  path: Assets/Spine2D Knight Character Animation Pack/Exports/Frame by frame/idle_2/clown_export-idle_3_7.png
  artifactKey: Guid(2a405297bf87fa045a27bc7f70c127fa) Importer(815301076,1909f56bfc062723c751e8b465ee728b)
Start importing Assets/Spine2D Knight Character Animation Pack/Exports/Frame by frame/idle_2/clown_export-idle_3_7.png using Guid(2a405297bf87fa045a27bc7f70c127fa) Importer(815301076,1909f56bfc062723c751e8b465ee728b)  -> (artifact id: '3fb6a8d03460753d6fd3139892cdbb55') in 0.017737 seconds 
========================================================================
Received Import Request.
  Time since last request: 0.000168 seconds.
  path: Assets/Spine2D Knight Character Animation Pack/Exports/Frame by frame/idle_2/clown_export-idle_3_15.png
  artifactKey: Guid(85f746604bdeb4c48a44218d3ece5e27) Importer(815301076,1909f56bfc062723c751e8b465ee728b)
Start importing Assets/Spine2D Knight Character Animation Pack/Exports/Frame by frame/idle_2/clown_export-idle_3_15.png using Guid(85f746604bdeb4c48a44218d3ece5e27) Importer(815301076,1909f56bfc062723c751e8b465ee728b)  -> (artifact id: 'c3571bd83fea52aac1ceed36a33f6f11') in 0.017314 seconds 
========================================================================
Received Import Request.
  Time since last request: 0.000156 seconds.
  path: Assets/Spine2D Knight Character Animation Pack/Exports/Frame by frame/idle_2/clown_export-idle_3_3.png
  artifactKey: Guid(67ba29addb33dbb4c84dca424dea642f) Importer(815301076,1909f56bfc062723c751e8b465ee728b)
Start importing Assets/Spine2D Knight Character Animation Pack/Exports/Frame by frame/idle_2/clown_export-idle_3_3.png using Guid(67ba29addb33dbb4c84dca424dea642f) Importer(815301076,1909f56bfc062723c751e8b465ee728b)  -> (artifact id: 'c19a78af5ef4f91eae41b2dc7aae8470') in 0.018367 seconds 
========================================================================
Received Import Request.
  Time since last request: 0.000150 seconds.
  path: Assets/Spine2D Knight Character Animation Pack/Exports/Frame by frame/idle_2/clown_export-idle_3_5.png
  artifactKey: Guid(f435709dffb7d8b4790964f4cc229baa) Importer(815301076,1909f56bfc062723c751e8b465ee728b)
Start importing Assets/Spine2D Knight Character Animation Pack/Exports/Frame by frame/idle_2/clown_export-idle_3_5.png using Guid(f435709dffb7d8b4790964f4cc229baa) Importer(815301076,1909f56bfc062723c751e8b465ee728b)  -> (artifact id: 'b2ea70e73b05ff22dbcd608b4b2374dd') in 0.018887 seconds 
========================================================================
Received Import Request.
  Time since last request: 81.950308 seconds.
  path: Assets/Sprites/player idle
  artifactKey: Guid(3f16479d8c3f09742a5167cff9d2410e) Importer(815301076,1909f56bfc062723c751e8b465ee728b)
Start importing Assets/Sprites/player idle using Guid(3f16479d8c3f09742a5167cff9d2410e) Importer(815301076,1909f56bfc062723c751e8b465ee728b)  -> (artifact id: '969833fd7c67ff029b5c0aaa7c3ddc88') in 0.009446 seconds 
========================================================================
Received Import Request.
  Time since last request: 11.774875 seconds.
  path: Assets/Sprites/player run
  artifactKey: Guid(16116beabc8962c4eb7bed4ddf962145) Importer(815301076,1909f56bfc062723c751e8b465ee728b)
Start importing Assets/Sprites/player run using Guid(16116beabc8962c4eb7bed4ddf962145) Importer(815301076,1909f56bfc062723c751e8b465ee728b)  -> (artifact id: 'fc4b8c20ea030a1a6bc48385132ba926') in 0.009706 seconds 
========================================================================
Received Prepare
Registering precompiled user dll's ...
Registered in 0.002227 seconds.
Begin MonoManager ReloadAssembly
Native extension for WindowsStandalone target not found
Refreshing native plugins compatible for Editor in 0.60 ms, found 3 plugins.
Preloading 0 native plugins for Editor in 0.00 ms.
Mono: successfully reloaded assembly
- Completed reload, in  0.830 seconds
Domain Reload Profiling:
	ReloadAssembly (830ms)
		BeginReloadAssembly (104ms)
			ExecutionOrderSort (0ms)
			DisableScriptedObjects (6ms)
			BackupInstance (0ms)
			ReleaseScriptingObjects (0ms)
			CreateAndSetChildDomain (35ms)
		EndReloadAssembly (674ms)
			LoadAssemblies (76ms)
			RebuildTransferFunctionScriptingTraits (0ms)
			SetupTypeCache (236ms)
			ReleaseScriptCaches (1ms)
			RebuildScriptCaches (38ms)
			SetupLoadedEditorAssemblies (250ms)
				LogAssemblyErrors (0ms)
				InitializePlatformSupportModulesInManaged (3ms)
				SetLoadedEditorAssemblies (0ms)
				RefreshPlugins (1ms)
				BeforeProcessingInitializeOnLoad (69ms)
				ProcessInitializeOnLoadAttributes (160ms)
				ProcessInitializeOnLoadMethodAttributes (13ms)
				AfterProcessingInitializeOnLoad (4ms)
				EditorAssembliesLoaded (0ms)
			ExecutionOrderSort2 (0ms)
			AwakeInstancesAfterBackupRestoration (4ms)
Platform modules already initialized, skipping
Refreshing native plugins compatible for Editor in 0.48 ms, found 3 plugins.
Preloading 0 native plugins for Editor in 0.00 ms.
Unloading 2181 Unused Serialized files (Serialized files now loaded: 0)
System memory in use before: 99.6 MB.
System memory in use after: 99.6 MB.

Unloading 20 unused Assets to reduce memory usage. Loaded Objects now: 2632.
Total: 2.960200 ms (FindLiveObjects: 0.188000 ms CreateObjectMapping: 0.052700 ms MarkObjects: 2.593300 ms  DeleteObjects: 0.125300 ms)

AssetImportParameters requested are different than current active one (requested -> active):
  custom:framework-win-MediaFoundation: 216162199b28c13a410421893ffa2e32 -> 
  custom:video-decoder-ogg-theora: a1e56fd34408186e4bbccfd4996cb3dc -> 
  custom:container-muxer-webm: aa71ff27fc2769a1b78a27578f13a17b -> 
  custom:container-demuxer-webm: 4f35f7cbe854078d1ac9338744f61a02 -> 
  custom:container-demuxer-ogg: 62fdf1f143b41e24485cea50d1cbac27 -> 
  custom:video-encoder-webm-vp8: eb34c28f22e8b96e1ab97ce403110664 -> 
  custom:video-decoder-webm-vp8: 9c59270c3fd7afecdb556c50c9e8de78 -> 
  custom:audio-decoder-ogg-vorbis: bf7c407c2cedff20999df2af8eb42d56 -> 
  custom:audio-encoder-webm-vorbis: bf7c407c2cedff20999df2af8eb42d56 -> 
========================================================================
Received Import Request.
  Time since last request: 669.999757 seconds.
  path: Assets/Scripts/Coin.cs
  artifactKey: Guid(fb926400e586bb94a97af47eedafb4a7) Importer(815301076,1909f56bfc062723c751e8b465ee728b)
Start importing Assets/Scripts/Coin.cs using Guid(fb926400e586bb94a97af47eedafb4a7) Importer(815301076,1909f56bfc062723c751e8b465ee728b)  -> (artifact id: '28a9cc0a353ec6cdf08dab64295133fd') in 0.017351 seconds 
========================================================================
Received Import Request.
  Time since last request: 9.847917 seconds.
  path: Assets/Scripts/Coin.cs
  artifactKey: Guid(fb926400e586bb94a97af47eedafb4a7) Importer(815301076,1909f56bfc062723c751e8b465ee728b)
Start importing Assets/Scripts/Coin.cs using Guid(fb926400e586bb94a97af47eedafb4a7) Importer(815301076,1909f56bfc062723c751e8b465ee728b)  -> (artifact id: '9ebbf3a3a26df42845b39f8b0ee0fb82') in 0.002085 seconds 
========================================================================
Received Import Request.
  Time since last request: 5.510636 seconds.
  path: Assets/Scripts/Coin.cs
  artifactKey: Guid(fb926400e586bb94a97af47eedafb4a7) Importer(815301076,1909f56bfc062723c751e8b465ee728b)
Start importing Assets/Scripts/Coin.cs using Guid(fb926400e586bb94a97af47eedafb4a7) Importer(815301076,1909f56bfc062723c751e8b465ee728b)  -> (artifact id: '89977602846d3680b99fd343075832a0') in 0.001893 seconds 
========================================================================
Received Prepare
Registering precompiled user dll's ...
Registered in 0.002189 seconds.
Begin MonoManager ReloadAssembly
Native extension for WindowsStandalone target not found
Refreshing native plugins compatible for Editor in 0.56 ms, found 3 plugins.
Preloading 0 native plugins for Editor in 0.00 ms.
Mono: successfully reloaded assembly
- Completed reload, in  0.868 seconds
Domain Reload Profiling:
	ReloadAssembly (868ms)
		BeginReloadAssembly (108ms)
			ExecutionOrderSort (0ms)
			DisableScriptedObjects (5ms)
			BackupInstance (0ms)
			ReleaseScriptingObjects (0ms)
			CreateAndSetChildDomain (35ms)
		EndReloadAssembly (697ms)
			LoadAssemblies (88ms)
			RebuildTransferFunctionScriptingTraits (0ms)
			SetupTypeCache (257ms)
			ReleaseScriptCaches (1ms)
			RebuildScriptCaches (37ms)
			SetupLoadedEditorAssemblies (247ms)
				LogAssemblyErrors (0ms)
				InitializePlatformSupportModulesInManaged (3ms)
				SetLoadedEditorAssemblies (0ms)
				RefreshPlugins (1ms)
				BeforeProcessingInitializeOnLoad (68ms)
				ProcessInitializeOnLoadAttributes (158ms)
				ProcessInitializeOnLoadMethodAttributes (13ms)
				AfterProcessingInitializeOnLoad (4ms)
				EditorAssembliesLoaded (0ms)
			ExecutionOrderSort2 (0ms)
			AwakeInstancesAfterBackupRestoration (3ms)
Platform modules already initialized, skipping
Refreshing native plugins compatible for Editor in 0.47 ms, found 3 plugins.
Preloading 0 native plugins for Editor in 0.00 ms.
Unloading 2181 Unused Serialized files (Serialized files now loaded: 0)
System memory in use before: 99.7 MB.
System memory in use after: 99.6 MB.

Unloading 20 unused Assets to reduce memory usage. Loaded Objects now: 2635.
Total: 2.956600 ms (FindLiveObjects: 0.190200 ms CreateObjectMapping: 0.048200 ms MarkObjects: 2.585400 ms  DeleteObjects: 0.132000 ms)

AssetImportParameters requested are different than current active one (requested -> active):
  custom:framework-win-MediaFoundation: 216162199b28c13a410421893ffa2e32 -> 
  custom:video-decoder-ogg-theora: a1e56fd34408186e4bbccfd4996cb3dc -> 
  custom:container-muxer-webm: aa71ff27fc2769a1b78a27578f13a17b -> 
  custom:container-demuxer-webm: 4f35f7cbe854078d1ac9338744f61a02 -> 
  custom:container-demuxer-ogg: 62fdf1f143b41e24485cea50d1cbac27 -> 
  custom:video-encoder-webm-vp8: eb34c28f22e8b96e1ab97ce403110664 -> 
  custom:video-decoder-webm-vp8: 9c59270c3fd7afecdb556c50c9e8de78 -> 
  custom:audio-decoder-ogg-vorbis: bf7c407c2cedff20999df2af8eb42d56 -> 
  custom:audio-encoder-webm-vorbis: bf7c407c2cedff20999df2af8eb42d56 -> 
========================================================================
Received Import Request.
  Time since last request: 25.354966 seconds.
  path: Assets/Prefabs/Coin.prefab
  artifactKey: Guid(e0dc6febcdbcb914dba724f1f282e99a) Importer(815301076,1909f56bfc062723c751e8b465ee728b)
Start importing Assets/Prefabs/Coin.prefab using Guid(e0dc6febcdbcb914dba724f1f282e99a) Importer(815301076,1909f56bfc062723c751e8b465ee728b)  -> (artifact id: '16142ef747934181be6d89f80fffcfba') in 0.200983 seconds 
========================================================================
Received Import Request.
  Time since last request: 0.000126 seconds.
  path: Assets/Prefabs/skeleton.prefab
  artifactKey: Guid(9b63066b0a2b2f047af5f8e8477cd64d) Importer(815301076,1909f56bfc062723c751e8b465ee728b)
Start importing Assets/Prefabs/skeleton.prefab using Guid(9b63066b0a2b2f047af5f8e8477cd64d) Importer(815301076,1909f56bfc062723c751e8b465ee728b)  -> (artifact id: '04857a72e4dcc718c86456e0f9702bd1') in 0.023235 seconds 
AssetImportWorkerClient::OnTransportError - code=2 error=End of file
